epoch;acc;loss;val_acc;val_loss
0;0.9740096217110044;0.6954330823251179;0.9906994700431824;0.6889298458894094
0;0.9802852698734829;-0.10218441619404725;0.9906888405481974;-0.1238861105715235
1;0.9911620843978155;-0.11766818813270047;0.990701417128245;-0.12372275752325852
2;0.9911697081157139;-0.11757101198392254;0.9906696478525797;-0.1241414441416661
0;0.991065848441351;-0.09842190359319959;0.9906932910283407;-0.12382605702926715
0;0.5625;0.9690030302320208;0.693701820004554;0.5625;0.9891757369041443;0.6927448610464731
1;0.5625;0.9905452160608201;0.6925187841767356;0.5625;0.9898067514101664;0.6923066054781278
2;0.5625;0.9907901003247216;0.692089727237111;0.5625;0.9901610016822815;0.6918782219290733
0;0.5583394691348076;0.5;0.4681809200417428;0.5581273175776005;0.5;0.47289156417051953
1;0.558348512010915;0.5;0.4512752578372047;0.558116476982832;0.5;0.46475569903850555
2;0.5583425536751747;0.5;0.4410678893327713;0.5581116378307343;0.5000000099341074;0.45049742981791496
0;0.5625;0.9879656519208636;0.09138510770918358;0.5625;0.9922045866648356;0.06420346396043897
1;0.5625;0.9926040626707531;0.0402279901761739;0.5625;0.9922443230946859;0.04522377516453465
2;0.5625;0.9926026435125441;0.03688867095236977;0.5625;0.992193877696991;0.04419604782015085
0;0.5625;0.9812122072492327;0.1318241191939229;0.5625;0.9922349055608114;0.12355759056905906
0;0.5625;0.9923944473266602;0.12696292996406555;0.5625;0.9922228852907816;0.12398166737208764
0;0.5625;0.9797480333419073;0.6911966062727428;0.5625;0.9922039111455282;0.689025841653347
0;0.5625;0.9698759487697056;0.6914229201419013;0.5625;0.9922109047571818;0.6890290876229604
0;0.5625;0.978061006182716;0.6925953094448362;0.5625;0.9922660986582438;0.6890348295370737
0;0.5625;0.9695589372089931;0.692366653964633;0.5625;0.9922124743461609;0.6890343104799589
0;0.5625;0.9877957957131522;0.062295944518631415;0.5625;0.9922114809354147;0.06400203270216782
0;0.5625;0.9924491360073998;0.12704454947795188;0.5625;0.992227832476298;0.12389701853195827
0;0.5625;0.9917571374348232;0.06771866196677798;0.5625;0.9921990633010864;0.06548589281737804
0;0.5625;0.9802852812267485;0.6911854516892206;0.5625;0.9922521511713663;0.6890254194537798
0;0.5625;0.9925099611282349;0.12205405009999162;0.5625;0.9922033150990804;0.12428095129628976
0;0.5625;0.96902292683011;0.6935867447228659;0.5625;0.9921860297520956;0.6890450765689214
0;0.5625;0.9911509071077619;0.12084053235039824;0.5625;0.9922222296396891;0.07040493314464887
0;0.9924861135936919;0.987823636049316;0.9962283905063357;-0.987823636049316;0.9925944010416666;0.9998901798611596;0.9922189712524414;0.9955215205748876;0.9960938319563866;-0.9955215205748876;0.9922189712524414;1.0
0;0.7776852448781332;0.6994942334436235;0.8062072022751506;-0.6994942334436235;0.9929850917486918;0.781625737486008;0.9922040700912476;0.9513274878263474;0.9960863664746284;-0.9513274878263474;0.9922055974602699;0.9999984676639239
0;0.5625;0.8225228048506237;0.7561873623303005;0.8509179571909564;-0.7561873623303005;0.991559115194139;0.8274731809229013;0.5625;0.9922171632448832;0.9923227280378342;0.9960931266347567;-0.9923227280378342;0.9922171632448832;1.0
0;0.5529039529857782;0.9829736153284708;0.6577262268179939;0.929177157935642;-0.6577262268179939;0.8870212790511903;0.9927047945204235;0.5581341572105885;0.9922385017077128;0.9864293535550436;0.9922310511271158;-0.9864293535550436;0.9922234838207563;0.9922386209170023
0;0.5150305100160596;0.9158466713769096;0.5471481560241609;0.8034343967835108;-0.5471481560241609;0.7234449702359381;0.921524377096267;0.558119673281908;0.9922127525011698;0.8298967182636261;0.9863994220892588;-0.8298967182636261;0.980549193918705;0.9923198819160461
0;0.5473818781119972;0.9731558504558745;0.639116094935508;0.7880165640796933;-0.639116094935508;0.6779182766165052;0.9858958380562919;0.5581056587398052;0.9921878377596537;0.984220045308272;0.9902385870615641;-0.984220045308272;0.9921292091409365;0.9883551796277364
0;0.5583070492636965;0.9925458885374523;0.6514810685600553;0.9921295302254813;-0.6514810685600553;0.9924915567750022;0.9917694557280767;0.5581189021468163;0.99221138159434;0.9863433117667834;0.9922037521998087;-0.9863433117667834;0.9922113219896952;0.9921961824099222
0;0.47044019391842196;0.8570290747142973;0.5228344102700552;0.8490857627420199;-0.5228344102700552;0.8076374014573438;0.9070409479595366;0.5581309030161185;0.9922327200571696;0.7282124683260918;0.9922274947166443;-0.7282124683260918;0.9922218571106592;0.9922330975532532
0;0.5583371445536613;0.992599368095398;0.6652921693665641;0.9925629872651327;-0.6652921693665641;0.9925979801586696;0.9925280014673868;0.5581293404102325;0.9922299385070801;0.9872018819053968;0.9922299385070801;-0.9872018819053968;0.9922299385070801;0.9922299385070801
0;0.5234499194038114;0.9309423423948742;0.6171399585547901;0.9116254613867828;-0.6171399585547901;0.941172936132976;0.8963408867518107;0.5581291280686855;0.9922295610109965;0.9820186644792557;0.992223193248113;-0.9820186644792557;0.9922294889887174;0.9922169248263041
0;0.5561688981864501;0.9887488683064779;0.5938561927704584;0.9705093311411994;-0.5938561927704584;0.9522440930207571;0.9915452344076974;0.5581269264221191;0.9922256469726562;0.9689760282635689;0.9904626732071241;-0.9689760282635689;0.98867317289114;0.9922586679458618
0;0.4137352358524395;0.7801376978556315;0.5780305944028354;0.7391281733732848;-0.5780305944028354;0.6475578744319224;0.8854973145893642;0.5581262782216072;0.9922244946161906;0.9199506392081579;0.986542783677578;-0.9199506392081579;0.9808254862825075;0.9923271338144938
1;0.5583334597093719;0.9925928172611055;0.9857659950142815;0.9908180314870108;-0.9857659950142815;0.9890296324377968;0.9926196393512544;0.5581266693770885;0.992225190003713;0.9916567256053289;0.9922095537185669;-0.9916567256053289;0.9921937063336372;0.9922253886858622
2;0.5583301452653748;0.992586924916222;0.992346975065413;0.9925771611077445;-0.992346975065413;0.9925672376439685;0.9925870838619414;0.558113269507885;0.9922013680140177;0.9920902873078982;0.9922013680140177;-0.9920902873078982;0.9922013680140177;0.9922013680140177
3;0.5583522639104298;0.9926262469518752;0.9925507534117926;0.9926262469518752;-0.9925507534117926;0.9926262469518752;0.9926262469518752;0.5581106655299664;0.9921967387199402;0.9921465938289961;0.9921967387199402;-0.9921465938289961;0.9921967387199402;0.9921967387199402
0;0.5530388838906274;0.9832156272161574;0.6236615457705089;0.8029705775635583;-0.6236615457705089;0.6994649640151432;0.9967429070245653;0.558114554733038;0.9922036528587341;0.9768585413694382;0.9864242523908615;-0.9768585413694382;0.9806111777822176;0.992306669553121
1;0.5583437574761254;0.9926111244020008;0.989732740180833;0.9920821055060342;-0.989732740180833;0.9915520186935153;0.992617476554144;0.5581055916845798;0.9921877185503641;0.9917708039283752;0.9921877210338911;-0.9917708039283752;0.9921877185503641;0.9921877185503641
2;0.5583438532693046;0.9926112947009859;0.9924084345499674;0.9926112947009859;-0.9924084345499674;0.9926112947009859;0.9926112947009859;0.5581198297441006;0.9922130306561788;0.9921112731099129;0.9922130331397057;-0.9921112731099129;0.9922130306561788;0.9922130306561788
3;0.5583352095314434;0.9925959280558995;0.992526440393357;0.9925959280558995;-0.992526440393357;0.9925959280558995;0.9925959280558995;0.5581185668706894;0.9922107855478922;0.9921647434433302;0.9922107830643654;-0.9921647434433302;0.9922107855478922;0.9922107855478922
0;0.5538818274703706;0.9846858637673515;0.6381416484003976;0.9846859553030559;-0.6381416484003976;0.9846860553537097;0.9846858637673515;0.5581168681383133;0.9922077655792236;0.9858418057362238;0.9922077630956968;-0.9858418057362238;0.9922077655792236;0.9922077655792236
1;0.558348719562803;0.9926199458894276;0.9912311739864803;0.9926199465990067;-0.9912311739864803;0.9926199458894276;0.9926199458894276;0.5581070110201836;0.9921902418136597;0.9918890073895454;0.9921902418136597;-0.9918890073895454;0.9921902418136597;0.9921902418136597
2;0.5583310457212585;0.9925885257266817;0.992429257148788;0.9925885264362607;-0.992429257148788;0.9925885257266817;0.9925885257266817;0.5581266693770885;0.992225190003713;0.992143303155899;0.992225190003713;-0.992143303155899;0.992225190003713;0.992225190003713
3;0.5583452071462359;0.9926137015933082;0.9925583480369478;0.99261370017415;-0.9925583480369478;0.9926137015933082;0.9926137015933082;0.5581308156251907;0.9922325611114502;0.9921957701444626;0.9922325611114502;-0.9921957701444626;0.9922325611114502;0.9922325611114502
0;0.5625;0.9926044600350517;0.9962881597734633;0.9962881597734633;-0.9962881597734633;0.9926044600350517;1.0;0.5625;0.9922174413998922;0.9960930198431015;0.9960930198431015;-0.9960930198431015;0.9922174413998922;1.0
0;0.9925828377405802;0.11824735733015197;0.9921964208285013;0.1244077639033397
0;0.5625;0.9925882191885085;0.11816156433806532;0.5625;0.9922170241673788;0.12407929822802544
0;0.5533956295382538;0.9867025159654164;0.18437714927962848;0.5581153258681297;0.992205023765564;0.12564029668768248
0;0.5534617573886692;0.9868622734433129;0.18329905452472822;0.5581260770559311;0.9922241369883219;0.1253322266663114
0;0.5533986559252926;0.9867681151344663;0.1846934368922597;0.5581102184951305;0.9921959439913431;0.12578664533793926
0;0.5533054539402377;0.9864857821237474;0.18135955645924523;0.5581375993788242;0.9922446211179098;0.1250020625690619
0;0.553376228101361;0.986753020967756;0.1831703366977828;0.5581202320754528;0.9922137459119161;0.12549971044063568
0;0.5533992382943224;0.9868191878000895;0.178699608803505;0.5581103190779686;0.9921961228052775;0.12578376258412996
0;0.5533291478099323;0.9866155329204741;0.17638970840544926;0.5581572689116001;0.992279589176178;0.12443844260027011
0;0.5625;0.9925904898416429;0.11812536560353779;0.5625;0.9922515153884888;0.12352942644308011
0;0.5533769472223083;0.986684765134539;0.18446959067313445;0.5581270270049572;0.9922258257865906;0.12462197865049045
1;0.5583285646779197;0.9925841149829683;0.11887851614682447;0.558129608631134;0.9922304153442383;0.12454840478797753
2;0.558331307555948;0.9925889912105742;0.11880034855788663;0.5581237077713013;0.9922199249267578;0.1247165718426307
3;0.5583299600652286;0.9925865956715175;0.11883874964855966;0.558127373456955;0.9922264417012533;0.12461210352679093
4;0.5583352989384106;0.9925960870016188;0.11868660214046638;0.5581330731511116;0.9922365744908651;0.12444967186699311
0;0.559151431279523;0.006615394637698219;-1816.5847109776169;0.5625;0.0038899779319763184;-2008.780553181966
0;0.559042469731399;0.9938532795224871;28.067112956728256;0.5625;1.0;15.992787917455038
1;0.5625;1.0;15.998715003331503;0.5625;1.0;15.991966803868612
0;0.5591510928102902;0.9940463872182936;27.54157066345215;0.5625;1.0;15.99261192480723
1;0.5625;1.0;15.99896180062067;0.5625;1.0;15.993043462435404
0;0.5589460698621613;0.9936819019771758;28.614472491400583;0.5625;1.0;15.993022521336874
1;0.5625;1.0;15.9990363688696;0.5625;1.0;15.99254814783732
0;0.5533803824857872;0.9867428427650815;0.18213368650703204;0.5581293515861034;0.992229958375295;0.12523839777956405
1;0.5583358673112733;0.9925970974422637;0.11932081498560451;0.5581189133226871;0.9922114014625549;0.12553749854365984
0;0.5532967825233135;0.9864591189793178;0.17816718632266634;0.5581180304288864;0.9922098318735758;0.1255627969900767
1;0.5583313682249614;0.9925890990665981;0.11944973309125219;0.5581092461943626;0.9921942154566447;0.12581450585275888
0;0.5533570488523717;0.17622260900125616;0.5581176951527596;0.125572405445079
1;0.5583326007638659;0.11941441521048546;0.5581214837729931;0.12546384520828724
0;0.5533603069400826;0.18019982808757395;0.5581151135265827;0.12564638101806244
1;0.5583403600113732;0.11919207746783893;0.5581240653991699;0.12538986963530382
0;0.5533714244960298;0.17833624851135982;0.5581384934484959;0.12497644250591596
1;0.5583358545388494;0.11932118015275114;0.5581085532903671;0.12583435947696367
0;0.49347859604382616;0.17687485757328214;0.4960949619611104;0.12588367642213902
1;0.49629903123492286;0.11930525941508156;0.4961150884628296;0.12523487396538258
0;0.49339471441086774;0.18071276730015165;0.4961002667744954;0.12571266945451498
1;0.49629950239544823;0.11929007105174519;0.49610816438992816;0.12545808032155037
0;0.5533997884363362;0.18264357417467095;0.55813068151474;0.12520028899113336
1;0.5583392232656479;0.11922465096272174;0.5581303238868713;0.1252105369543036
0;0.493437771314412;0.18377644435635634;0.49612457553545636;0.12492904874185722
1;0.4962973935263498;0.1193580533422175;0.49609068036079407;0.1260216999799013
0;0.4932312906635437;0.1831770654590357;0.49608667691548664;0.1261507561430335
1;0.49630095277513775;0.11924331590888046;0.4961250921090444;0.12491239234805107
0;0.4934234901972683;0.3726845687876145;0.4961179296175639;0.12514328335722288
1;0.49629136494227816;0.1195523917142834;0.4961145321528117;0.12525280813376108
0;0.9941244238898868;0.5293244992844679;1.0;1.0000024985856726e-07
1;1.0;1.0000024985856726e-07;1.0;1.0000024985856726e-07
0;0.9937737328665597;0.4793302378597122;1.0;1.0011366905852508e-07
0;0.994301336152213;0.4490025568033942;1.0;1.0000024985856726e-07
0;0.9938977048510597;0.513703939018356;1.0;1.0000024985856726e-07
0;0.9941357601256597;0.47509290580623137;1.0;1.0000024985856726e-07
0;0.99412088734763;0.4544393876704773;1.0;3.5901047340303194e-05
0;0.9940948940458751;0.4388183973600722;1.0;2.2458381560378864e-05
0;0.46000584436376224;1.0000024985856726e-07
0;0.9937902178083148;0.49944255484755906;1.0;1.000743920324491e-07
0;0.9940783012480963;0.23484232839344563;1.0;1.321308866408799e-05
0;0.4159170510329421;3.3297453683189815e-05
0;0.3770794103707409;2.752219810038999e-05
0;0.35749676996136415;1.0000024985856726e-07
0;0.36654516540367005;1.0000024985856726e-07
0;0.9942448423022315;0.3282696252780043;1.0;1.004520277329372e-07
0;0.0;15.942383766174316;0.0;15.942383766174316
0;0.29099225838269505;0.12520354551573595
0;0.7087863598551069;0.692985492448012
0;0.9262709805653209;0.7087877981719517;0.8792439748843511;0.6929233918587366
0;0.9261586430172125;0.7087630118642535;0.8792530869444212;0.692917212843895
0;0.9264681332168125;0.7087885354246412;0.8793385028839111;0.6929452394445738
0;0.9263242451207978;0.7087258689460301;0.8781294301152229;0.6925230324268341
1;0.5617025338468098;0.5394188520454225;0.496121550599734;0.5071106205383936
2;0.4963074865795317;0.506914272194817;0.4961208514869213;0.5070943037668864
3;0.4962991933737482;0.5069133632239842;0.4961257080237071;0.5070849334200224
0;19.84704376885756;0.6427202444700968;4.065341671307881;0.5804565697908401
1;2.0529659051182017;0.3855926442802662;0.17146692300836244;0.05821942786375681
2;0.18618984440607683;0.05213348700531891;0.2149946466088295;0.050442850372443594
3;0.1933938507877645;0.04759323397385223;0.19781136140227318;0.04689363747214278
0;20.12294052325195;0.715977988072804;4.0844688812891645;0.5809255515535673
1;1.6882131503274043;0.31110015759865445;0.17110986076295376;0.055205135916670166
2;0.18801877417025112;0.050479862617240065;0.20002028283973536;0.04913099311913053
3;0.19476640153498875;0.04704555656228747;0.13669910033543906;0.0564926586424311
0;19.677172004534874;0.6453359411763293;4.270634055137634;0.6337462464968363
1;2.3899086894733563;0.4821327749107565;0.14815647341310978;0.048156811855733395
2;0.09534377520460458;0.04150894171159182;0.11543733688692252;0.03234897406461338
3;0.09448030892582167;0.02940746456650751;0.0930509294072787;0.028235528540487092
0;0.4915799807224955;0.5092926791736058;0.496131531894207;0.5046801716089249
1;0.49631818525847937;0.5046122166372481;0.49610188727577526;0.5046797543764114
2;0.4963073329556556;0.5046052762440273;0.496120930959781;0.504668782154719
3;0.49631063640117645;0.5045998266765049;0.49610575288534164;0.5046729271610578
0;0.5106059479571524;0.5071123348815101;0.4961509940524896;0.5046939477324486
1;0.49632770993879866;0.5046263869319644;0.49612222363551456;0.5046780978639921
2;0.496308361135778;0.5046117014828182;0.49610328674316406;0.5046779563029608
3;0.4963067950946944;0.5046048653977258;0.4961122324069341;0.5046719635526339
0;0.491897267245111;0.5080753692558834;0.496448556582133;0.5046753312150637
1;0.4964124478754543;0.5046001488254184;0.49643851444125175;0.5046722690264384
2;0.496780867377917;0.5045984912486303;0.49643678839008015;0.5046714519460996
3;0.497057590456236;0.504598590589705;0.4964458520213763;0.5046674882372221
0;0.49639690880264553;0.3208153552952267;0.49613336101174355;0.3210413021345933
1;0.49631754876602263;0.3206767954287075;0.4961285926401615;0.3210207199056943
2;0.49629917386032285;0.32068685938914615;0.496124239017566;0.3210225999355316
3;0.496306972134681;0.32066296182927634;0.49611304452021915;0.3210422247648239
0;0.4671226891722264;0.5362788900023415;0.49612252165873844;0.5071211755275726
1;0.4963173199267614;0.5069293869393212;0.4961230034629504;0.5070952996611595
2;0.49629958080393927;0.506925371431169;0.4961141211291154;0.507098543147246
3;0.49630123731635867;0.5069169302781423;0.49611133337020874;0.5070988883574804
0;0.17685392433971478;489467.69717261905;0.23081163006524244;126796.95670572917
1;0.17106151597441308;152072.9044828869;0.15956292053063711;106598.95833333333
2;0.21062142144711243;121606.10658482143;0.1914883404970169;108580.59244791667
3;0.2164640704258567;95787.64015997024;0.012192960634517172;1095701.6197916667
4;0.2511564477879022;111671.36928013393;0.22484162201484045;87047.021484375
5;0.22808707177284218;88811.62127976191;0.3013032016654809;94292.84407552083
0;0.057523173159314045;1273808.3852306549;0.07279865785191457;143271.63020833334
1;0.0715966685896828;121562.47154017857;0.07386586349457502;104730.54231770833
2;0.07518952989595987;103619.90852864583;0.08031613907466333;86975.03645833333
3;0.08413373811968736;96884.30013020833;0.08340321419139703;93202.39290364583
0;-0.3453859475412173;1137267.158203125;3.6074304481347403;141685.97916666666
1;-0.30510487744495984;123105.83277529762;-0.2839390089114507;205127.259765625
2;-0.5236260812020018;112562.00892857143;-1.2630474120378494;92619.18880208333
3;-1.9267552920750208;107650.41415550595;1.5932972381512325;98939.92578125
4;-22.24310280861599;97641.20851934524;-2.892598162094752;120499.7314453125
0;0.8308471871537438;7304964.84858631;0.7491246288021406;115698.6484375
1;0.4921295747515701;104740.62165178571;0.5737908730904261;98791.81022135417
2;0.47619126546418383;111559.70744977679;-2.2049117324252925;118500.1240234375
3;0.4414492322220689;96168.84486607143;0.6278013363480568;89201.0888671875
4;0.6719563106695811;98038.15401785714;0.6162929634253184;82370.505859375
5;0.6163709883888563;80994.67340959821;1.051925318936507;79336.900390625
0;0.10067396674726513;569231.3179873512;0.10854315819839637;113249.46256510417
0;0.4943983459046909;682024.6272321428;0.496106078227361;673289.7239583334
0;0.051805249999969896;157.98643992495323;0.09762245354553063;0.06737087154760957
1;0.0725687066137436;0.05991219059519824;0.07022145794083674;0.05288116711502274
2;0.07558056463797887;0.05459242167749575;0.06549195324381192;0.04947707320873936
3;0.07742490100541286;0.04793221598845862;0.04194338216135899;0.066690677156051
4;0.07711838323268153;0.04888516848552085;0.08239351616551478;0.05102322824920217
5;0.07842770343025525;0.045838107443636374;0.06952354001502196;0.04219458422934016
6;0.07693859234097458;0.043253055485408934;0.08533924631774426;0.04037658761565884
0;0.07794792708452969;0.384016667448339;0.06643265144278605;0.37500827262798947
1;0.08496847269790513;0.3733838001887004;0.09356889687478542;0.3725514014561971
2;0.08460718903335787;0.3694226145744324;0.04500414617359638;0.38000045840938884
3;0.08388278269696803;0.36865345920835224;0.07717142937084039;0.36752254764238995
4;0.0830908033198544;0.3676993726264863;0.1254518801967303;0.372193926324447
0;0.29538407131275607;0.39232586253257024;0.0819030065710346;0.3727068429191907
1;0.08262236077072364;0.37381315337760107;0.09581409053256114;0.3737754027048747
0;0.0762333123767305;0.4088358183701833;0.069972259302934;0.3759099344412486
1;0.08087586509507327;0.37315071870883304;0.10303590539842844;0.3714657835662365
0;0.07390277332714981;0.38751661671059473;0.09860055924703677;0.37461799134810764
1;0.08099433589017108;0.3736802165706952;0.11047021392732859;0.3729430374999841
0;0.17074506225963842;551785.7315848215;0.06258869854112466;118154.9951171875
1;0.08146430323609993;113602.87565104167;0.07272704318165779;97926.13606770833
0;14.09394417796977;530360.7061941965;0.08385526885588963;109914.09016927083
1;0.120824073114255;144119.36607142858;0.07448022936781247;105842.197265625
0;0.08225691065170049;330311.3087797619;0.08762869238853455;125599.10807291667
0;5115.930640560303;2100452.123511905;2403.870076497396;1453597.0052083333
0;0.07521410308878071;509777.94289434527;0.09143470382938783;115296.66829427083
0;0.07475842214106317;273452.92234002973;0.08467498825242122;109197.7080078125
0;0.19172800464557008;908434.10546875;0.08667976316064596;135331.13509114584
0;0.0728473338628343;411105.4664248512;0.10244105104357004;143052.94401041666
0;0.46214428276012076;1171860.373325893;0.0821866908421119;123670.6318359375
0;1238.2791078930243;4177907.329985119;0.1322530172765255;161082.75651041666
0;0.02736806565718282;1.3926949596830778;0.044187810427198805;0.4069623363514741
0;0.029717843724592102;0.5619481440101352;0.036853553572048746;0.40331891799966496
1;0.03765081996763391;0.3992095735101473;0.05650659091770649;0.42585043609142303
2;0.0381009571165556;0.3992670394835018;0.04587021035452684;0.389943187435468
3;0.0399861451060999;0.3921491124090694;0.0452004966015617;0.38792434707283974
4;0.0413566303350741;0.3893471111853917;0.04672957227254907;0.38624641795953113
0;0.07380373318058749;0.6606763757410503;0.09542362795521815;0.6419593567649523
1;0.0805560538276387;0.6489254498765582;0.08988815514991681;0.6418634677926699
2;0.08573436581840117;0.6278039600167956;0.04917258148392042;0.647953987121582
3;0.08457977856908526;0.6250375892434802;0.08486978895962238;0.6336483930548032
4;0.08335139463833045;0.6293060169333503;0.09636515937745571;0.6362087354063988
0;0.4906118159581508;0.7652340914521899;0.49612655118107796;0.7740660334626833
1;0.49631561480817343;0.7608621468146642;0.4961087716122468;0.7746457656224569
2;0.4963197899716241;0.7601326327948343;0.49610404546062153;0.7747420022885004
3;0.4963020221108482;0.7611124614874522;0.4961436962087949;0.7718837757905325
4;0.4963030219078064;0.7609058008307502;0.4961121405164401;0.7740356177091599
0;0.49621511641002836;155.93127804710753;0.49613677461942035;155.77183469136557
1;0.4963054685365586;155.82446071079798;0.49609871705373126;155.7599639892578
2;0.496291750953311;155.82018062046595;0.4961177706718445;155.76590983072916
3;0.49629810594377066;155.82216462634858;0.49610722064971924;155.7626164754232
4;0.4963039613905407;155.82398968651182;0.49613215525945026;155.77039591471353
0;0.01192811491810495;2.1658851149536313;0.003906431714616095;2.212662155429522
1;0.008336993444356181;2.164277481181281;0.004433927291150515;2.2174453934033713
2;0.008768539263179437;2.1635359837895347;0.00441083333377416;2.2170550326506295
3;0.015464562612275282;2.158527445225489;0.008940976539937159;2.2041886299848557
4;0.09362100219420556;2.119489306495303;0.012346654858750602;2.2119306375583014
0;0.004592611892370596;2.158143788576126;0.004440977276923756;2.218387092153231
1;0.008541330927982926;2.166837453842163;0.0038965767986762026;2.218211074670156
2;0.003761588709451081;2.15925486598696;0.004037163899435352;2.2183639109134674
3;0.004131490622447538;2.154880601735342;0.004618015111191198;2.2165018121401467
4;0.009908077415145402;2.16808614560536;0.004331568469448636;2.2107187807559967
5;0.007320795867902537;2.156606315147309;0.0042188093066215515;2.2110563268264136
6;0.004216706945693919;2.1575357232775008;0.004476566498245423;2.214597741762797
7;0.013271338530882661;2.16643394884609;0.01557333612193664;2.210109050075213
8;0.010941955831921882;2.1587344876357486;0.025335553490246337;2.205588385462761
9;0.009564237561010356;2.158990503776641;0.004248787115405624;2.2186289678017297
10;0.01176262298499101;2.1642954505625225;0.44089459379514057;2.6363946050405502
11;0.029649632173546013;2.160928259293238;0.009745063454223176;2.2084221293528876
12;0.035748834882508074;2.1554913492429826;0.10500492093463738;2.2036167085170746
13;0.05984287669083902;2.1430992427326383;0.057077664881944656;2.1875363339980445
14;0.12085373465171349;2.1239317542030696;0.15843946052094302;2.1371692617734275
15;0.14683380370427454;2.0926966539451053;0.23795591605206332;2.1101055492957435
16;0.18880218852843558;2.0673075048696425;0.26331975559393567;2.078953579068184
17;0.23009394184641896;2.018546686286018;0.312593558182319;2.02660604317983
18;0.2604595398796456;1.989998500971567;0.3472701671222846;2.037938560048739
19;0.282902459303538;1.9600966984317416;0.30954332401355106;2.005592534939448
0;0.490611176583029;1.0212134605362302;0.49611198529601097;1.0456200316548347
1;0.4963134697505406;1.0177096014931089;0.4961284783979257;1.0421410501003265
2;0.4963090692957242;1.017260498234204;0.496110986918211;1.0442260454098384
3;0.4963031333117258;1.0176298128707069;0.49611667543649673;1.0432838996251423
4;0.4963088081706138;1.01670275415693;0.49611325065294903;1.0436712751785915
0;0.49641971857774825;1.0184151714756375;0.49617235114177066;1.04255591084559756;0.49629594137271243;1.0182813256978989;0.49611136317253113;1.043840532501538527;0.4962957114690826;1.0182506271771021;0.4961036791404088;1.044878289103508
3;0.49630922966060187;1.0173137478885197;0.4961072529355685;1.0446383332212765
8;0.49629898830538705;1.0177503384294964;0.49610841646790504;1.0442018906275432
4;0.4963035438032377;1.017658599075817;0.4961244463920593;1.0420923133691151
5;0.4963102262644541;1.01654309460095;0.4961011124153932;1.0452427839239438
6;0.496300145983696;1.017806970647403;0.4961181754867236;1.04281189541022
7;0.49629741197540644;1.0180911393392653;0.4961342600484689;1.0405370493729909
9;0.4962958562232199;1.0181500088600886;0.4961104082564513;1.0439077988266945
0;0.4951732023840859;1.0182727057309378;0.4961189453800519;1.0455690547823906
1;0.4963494156088148;1.0154885756117957;0.49612568070491153;1.0423944691816966
2;0.4963234843952315;1.0180066625277202;0.4961046588917573;1.0449249148368835
3;0.49630689017829444;1.0173140806811196;0.49612142766515416;1.0424493377407391
4;0.49630159458943773;1.017851588981492;0.4961060012380282;1.04452333599329
5;0.49630190183719;1.0176808905033838;0.4961299039423466;1.0411553606390953
0;0.009453353677166714;2.1648607537859963;0.0038974637864157557;2.2180202851692834
6;0.4963038042187691;1.0173460784412565;0.4961002704997857;1.0452309375007947
1;0.004463640335459439;2.158803472916285;0.00395636519533582;2.2167174567778907
7;0.49630577117204666;1.0170109335865294;0.4961121864616871;1.0435482934117317
2;0.00393799207882867;2.156891013894762;0.00443214443900312;2.214397425452868
8;0.49630717578388395;1.0167702528692426;0.4961110092699528;1.0436903561155002
3;0.00984862040440064;2.158997058868408;0.004537315777270123;2.214640518029531
9;0.4963034717809586;1.0171401976119905;0.49611937006314594;1.0425129234790802
4;0.025162604518256904;2.176769815740131;0.008581034295881787;2.212432121237119
10;0.49630036524363924;1.017543449997902;0.49613812814156216;1.0398945957422256
5;0.031065289008741576;2.1500544179053533;0.09806598722934723;2.1656776318947473
11;0.49630765545935857;1.0165077589807057;0.49609577904144925;1.0457687303423882
6;0.08260701323992439;2.133834184635253;0.22961659667392573;2.1336070150136948
12;0.49630121886730194;1.0173854522761845;0.4961271670957406;1.0413975541790326
7;0.19536548218734207;2.069304507403147;0.08752781401077907;2.152825882037481
13;0.49630238860845566;1.017199619185357;0.4961088088651498;1.04393986115853
8;0.21453278811116303;2.0376652578512826;0.2957446525494258;2.0743922889232635
14;0.49630040356091093;1.0174598083609627;0.496096421033144;1.0456540460387866
9;0.24970705035541738;2.00219164008186;0.20545800340672335;2.0856268405914307
15;0.49630521628118696;1.016779478816759;0.496099470804135;1.0452247560024261
10;0.27288850627484773;1.9776769734564281;0.238959189504385;2.04890006283919
11;0.2951914302649952;1.9543808954102653;0.32295582443475723;1.9895875801642735
12;0.3233405046519779;1.9154523540110815;0.33750222871700924;1.9713345418373744
13;0.32422588322134244;1.9166809065001351;0.3715866394340992;1.9298215905825298
14;0.33879536461262477;1.8944107194741566;0.3770631303389867;1.938347523411115
15;0.35812629972185406;1.865379444190434;0.422003585845232;1.9576920419931412
16;0.3662054467768896;1.8589872022469838;0.3397359351317088;1.9716939280430477
17;0.3787888923571223;1.8418800036112468;0.3212125673890114;1.941929926474889
18;0.3824681575809206;1.8363822883083707;0.3287835580607255;1.9226879179477692
19;0.39460495504594983;1.8196948270003002;0.4151788142820199;1.8909056782722473
20;0.4039109469879241;1.8078744198594774;0.37992191190520924;1.877475510040919
21;0.40421650505491663;1.8041647261097318;0.36945400138696033;1.8899553418159485
22;0.418830662610985;1.7882025142510731;0.4433576775093873;1.8476900955041249
23;0.4215189967127073;1.7887234063375563;0.4361271473268668;1.8552992194890976
24;0.428822177861418;1.7782495561100187;0.3972768497963746;1.8510268926620483
25;0.4421538380639894;1.7583746654646737;0.4300157204270363;1.8451553235451381
26;0.4389666879460925;1.7652905668531145;0.4259508115549882;1.880446160833041
27;0.45148258053121115;1.7528114063399178;0.4489501106242339;1.8339329759279888
28;0.4567897564598492;1.7493906092076075;0.4402126806477706;1.8246936599413555
29;0.4614189707097553;1.7468825720605397;0.44548647850751877;1.8383393734693527
30;0.463402220535846;1.7476125203427815;0.46583906436959904;1.8286825865507126
31;0.46066937205337344;1.746487660067422;0.4879264235496521;1.8158473372459412
32;0.48090189340568723;1.7254273479893094;0.49231059725085896;1.8156941433747609
33;0.47621811819928034;1.7297498257387252;0.478423822671175;1.8030801365772884
34;0.48496608932813007;1.7227832178274791;0.4933369408051173;1.8261185189088185
35;0.47885121476082576;1.7318336466948192;0.43793994560837746;1.8266895810763042
36;0.4832973505059878;1.721586789403643;0.5076909251511097;1.7908788571755092
37;0.5003695310581298;1.7118745701653617;0.5045397592087587;1.7973164916038513
38;0.49355103962478186;1.720177636260078;0.4849232882261276;1.799244076013565
39;0.5005359330347606;1.710997157153629;0.5112729022900263;1.8105161041021347
40;0.5023101557578359;1.7112411516053336;0.5137249082326889;1.7992602686087291
41;0.502389044988723;1.7069320409070878;0.4952389784157276;1.7982894976933796
42;0.5093038106958071;1.7069909828049796;0.5171363602081934;1.8109465837478638
43;0.5133239804279237;1.7027305506524586;0.5339198658863703;1.7969386726617813
44;0.5129223316907883;1.7071663056101118;0.5154089977343878;1.7942401071389515
45;0.5242612347716377;1.6951532434849512;0.5056717234353224;1.7888739456733067
46;0.5031549561591375;1.7148391192867642;0.5416847467422485;1.8223327447970707
47;0.5260405838489532;1.69736632562819;0.5063967481255531;1.8044243156909943
48;0.5239744700846218;1.6972864412126087;0.4863123620549838;1.8012375682592392
49;0.5271941015408153;1.6953676683562142;0.4978652869661649;1.7891806960105896
